[INFO] Scanning for projects...
[INFO] 
[INFO] ------------------< com.bank:Multi-currency-Banking >-------------------
[INFO] Building Multi-currency-Banking 0.0.1-SNAPSHOT
[INFO]   from pom.xml
[INFO] --------------------------------[ jar ]---------------------------------
[INFO] 
[INFO] >>> spring-boot:3.4.4:run (default-cli) > test-compile @ Multi-currency-Banking >>>
[INFO] 
[INFO] --- resources:3.3.1:resources (default-resources) @ Multi-currency-Banking ---
[INFO] Copying 1 resource from src/main/resources to target/classes
[INFO] Copying 0 resource from src/main/resources to target/classes
[INFO] 
[INFO] --- compiler:3.13.0:compile (default-compile) @ Multi-currency-Banking ---
[INFO] Nothing to compile - all classes are up to date.
[INFO] 
[INFO] --- kotlin:1.9.25:compile (compile) @ Multi-currency-Banking ---
[INFO] Applied plugin: 'spring'
[INFO] Applied plugin: 'jpa'
[INFO] Applied plugin: 'all-open'
[WARNING] /Users/bishow_/Development3/multi-currency-banking/src/main/kotlin/com/bank/LoggingFilter.kt: (47, 9) Field from base class org.springframework.web.filter.GenericFilterBean may shadow the open property from derived class com.bank.LoggingFilter. This behavior will be changed soon in favor of the property. Please use explicit cast to org.springframework.web.filter.GenericFilterBean if you wish to preserve current behavior. See https://youtrack.jetbrains.com/issue/KT-55017 for details
[WARNING] /Users/bishow_/Development3/multi-currency-banking/src/main/kotlin/com/bank/LoggingFilter.kt: (62, 9) Field from base class org.springframework.web.filter.GenericFilterBean may shadow the open property from derived class com.bank.LoggingFilter. This behavior will be changed soon in favor of the property. Please use explicit cast to org.springframework.web.filter.GenericFilterBean if you wish to preserve current behavior. See https://youtrack.jetbrains.com/issue/KT-55017 for details
[WARNING] /Users/bishow_/Development3/multi-currency-banking/src/main/kotlin/com/bank/account/AccountsService.kt: (46, 79) This cast can never succeed
[WARNING] /Users/bishow_/Development3/multi-currency-banking/src/main/kotlin/com/bank/membership/MembershipService.kt: (23, 42) Name shadowed: memberships
[WARNING] /Users/bishow_/Development3/multi-currency-banking/src/main/kotlin/com/bank/shop/ShopsService.kt: (42, 35) Name shadowed: items
[WARNING] /Users/bishow_/Development3/multi-currency-banking/src/main/kotlin/com/bank/transaction/TransactionsService.kt: (55, 50) Name shadowed: transactionHistory
[WARNING] /Users/bishow_/Development3/multi-currency-banking/src/main/kotlin/com/bank/transaction/TransactionsService.kt: (266, 22) Variable 'wasDestinationConverted' is never used
[INFO] 
[INFO] --- resources:3.3.1:testResources (default-testResources) @ Multi-currency-Banking ---
[INFO] Copying 6 resources from src/test/resources to target/test-classes
[INFO] 
[INFO] --- compiler:3.13.0:testCompile (default-testCompile) @ Multi-currency-Banking ---
[INFO] Recompiling the module because of changed dependency.
[INFO] 
[INFO] --- kotlin:1.9.25:test-compile (test-compile) @ Multi-currency-Banking ---
[INFO] Applied plugin: 'spring'
[INFO] Applied plugin: 'jpa'
[INFO] Applied plugin: 'all-open'
[WARNING] /Users/bishow_/Development3/multi-currency-banking/src/test/kotlin/com/bank/Multi_currency_Banking/AccountStepDefinitions.kt: (133, 44) 'getter for statusCodeValue: Int' is deprecated. Deprecated in Java
[WARNING] /Users/bishow_/Development3/multi-currency-banking/src/test/kotlin/com/bank/Multi_currency_Banking/UserStepDefinitions.kt: (62, 37) 'getter for statusCodeValue: Int' is deprecated. Deprecated in Java
[INFO] 
[INFO] <<< spring-boot:3.4.4:run (default-cli) < test-compile @ Multi-currency-Banking <<<
[INFO] 
[INFO] 
[INFO] --- spring-boot:3.4.4:run (default-cli) @ Multi-currency-Banking ---
[INFO] Attaching agents: []
May 14, 2025 6:13:25 PM com.hazelcast.instance.impl.HazelcastInstanceFactory
WARNING: Hazelcast is starting in a Java modular environment (Java 9 and newer) but without proper access to required Java packages. Use additional Java arguments to provide Hazelcast access to Java internal API. The internal API access is used to get the best performance results. Arguments to be used:
 --add-modules java.se --add-exports java.base/jdk.internal.ref=ALL-UNNAMED --add-opens java.base/java.lang=ALL-UNNAMED --add-opens java.base/sun.nio.ch=ALL-UNNAMED --add-opens java.management/sun.management=ALL-UNNAMED --add-opens jdk.management/com.sun.management.internal=ALL-UNNAMED
May 14, 2025 6:13:25 PM com.hazelcast.system.logo
INFO: [192.168.2.230]:5701 [dev] [5.5.0] 
    o    o     o     o---o   o--o o      o---o     o     o----o o--o--o
    |    |    / \       /         |     /         / \    |         |
    o----o       o     o   o----o |    o             o   o----o    |
    |    |  *     \   /           |     \       *     \       |    |
    o    o *       o o---o   o--o o----o o---o *       o o----o    o

May 14, 2025 6:13:25 PM com.hazelcast.system
INFO: [192.168.2.230]:5701 [dev] [5.5.0] Copyright (c) 2008-2024, Hazelcast, Inc. All Rights Reserved.
May 14, 2025 6:13:25 PM com.hazelcast.system
INFO: [192.168.2.230]:5701 [dev] [5.5.0] Hazelcast Platform 5.5.0 (20240725) starting at [192.168.2.230]:5701
May 14, 2025 6:13:25 PM com.hazelcast.system
INFO: [192.168.2.230]:5701 [dev] [5.5.0] Cluster name: dev
May 14, 2025 6:13:25 PM com.hazelcast.system
INFO: [192.168.2.230]:5701 [dev] [5.5.0] Integrity Checker is disabled. Fail-fast on corrupted executables will not be performed. For more information, see the documentation for Integrity Checker.
May 14, 2025 6:13:25 PM com.hazelcast.system
INFO: [192.168.2.230]:5701 [dev] [5.5.0] The Jet engine is disabled.
To enable the Jet engine on the members, do one of the following:
  - Change member config using Java API: config.getJetConfig().setEnabled(true)
  - Change XML/YAML configuration property: Set hazelcast.jet.enabled to true
  - Add system property: -Dhz.jet.enabled=true (for Hazelcast embedded, works only when loading config via Config.load)
  - Add environment variable: HZ_JET_ENABLED=true (recommended when running container image. For Hazelcast embedded, works only when loading config via Config.load)
May 14, 2025 6:13:25 PM com.hazelcast.system.security
INFO: [192.168.2.230]:5701 [dev] [5.5.0] Enable DEBUG/FINE log level for log category com.hazelcast.system.security  or use -Dhazelcast.security.recommendations system property to see 🔒 security recommendations and the status of current config.
May 14, 2025 6:13:25 PM com.hazelcast.instance.impl.Node
INFO: [192.168.2.230]:5701 [dev] [5.5.0] Using Multicast discovery
May 14, 2025 6:13:26 PM com.hazelcast.internal.diagnostics.Diagnostics
INFO: [192.168.2.230]:5701 [dev] [5.5.0] Diagnostics disabled. To enable add -Dhazelcast.diagnostics.enabled=true to the JVM arguments.
May 14, 2025 6:13:26 PM com.hazelcast.core.LifecycleService
INFO: [192.168.2.230]:5701 [dev] [5.5.0] [192.168.2.230]:5701 is STARTING
May 14, 2025 6:13:28 PM com.hazelcast.internal.cluster.ClusterService
INFO: [192.168.2.230]:5701 [dev] [5.5.0] 

Members {size:1, ver:1} [
	Member [192.168.2.230]:5701 - a1e7e9f1-1255-4ad9-a5b6-fc8685d1227b this
]

May 14, 2025 6:13:28 PM com.hazelcast.core.LifecycleService
INFO: [192.168.2.230]:5701 [dev] [5.5.0] [192.168.2.230]:5701 is STARTED

  .   ____          _            __ _ _
 /\\ / ___'_ __ _ _(_)_ __  __ _ \ \ \ \
( ( )\___ | '_ | '_| | '_ \/ _` | \ \ \ \
 \\/  ___)| |_)| | | | | || (_| |  ) ) ) )
  '  |____| .__|_| |_|_| |_\__, | / / / /
 =========|_|==============|___/=/_/_/_/

 :: Spring Boot ::                (v3.4.4)

2025-05-14T18:13:28.272+03:00  INFO 41342 --- [Multi-currency-Banking] [           main] c.b.MultiCurrencyBankingApplicationKt    : Starting MultiCurrencyBankingApplicationKt using Java 21.0.2 with PID 41342 (/Users/bishow_/Development3/multi-currency-banking/target/classes started by bishow_ in /Users/bishow_/Development3/multi-currency-banking)
2025-05-14T18:13:28.273+03:00  INFO 41342 --- [Multi-currency-Banking] [           main] c.b.MultiCurrencyBankingApplicationKt    : No active profile set, falling back to 1 default profile: "default"
2025-05-14T18:13:28.751+03:00  INFO 41342 --- [Multi-currency-Banking] [           main] .s.d.r.c.RepositoryConfigurationDelegate : Bootstrapping Spring Data JPA repositories in DEFAULT mode.
2025-05-14T18:13:28.843+03:00  INFO 41342 --- [Multi-currency-Banking] [           main] .s.d.r.c.RepositoryConfigurationDelegate : Finished Spring Data repository scanning in 87 ms. Found 11 JPA repository interfaces.
2025-05-14T18:13:29.160+03:00  INFO 41342 --- [Multi-currency-Banking] [           main] o.s.b.w.embedded.tomcat.TomcatWebServer  : Tomcat initialized with port 9000 (http)
2025-05-14T18:13:29.166+03:00  INFO 41342 --- [Multi-currency-Banking] [           main] o.apache.catalina.core.StandardService   : Starting service [Tomcat]
2025-05-14T18:13:29.166+03:00  INFO 41342 --- [Multi-currency-Banking] [           main] o.apache.catalina.core.StandardEngine    : Starting Servlet engine: [Apache Tomcat/10.1.39]
2025-05-14T18:13:29.185+03:00  INFO 41342 --- [Multi-currency-Banking] [           main] o.a.c.c.C.[Tomcat].[localhost].[/]       : Initializing Spring embedded WebApplicationContext
2025-05-14T18:13:29.185+03:00  INFO 41342 --- [Multi-currency-Banking] [           main] w.s.c.ServletWebServerApplicationContext : Root WebApplicationContext: initialization completed in 895 ms
2025-05-14T18:13:29.309+03:00  INFO 41342 --- [Multi-currency-Banking] [           main] com.zaxxer.hikari.HikariDataSource       : HikariPool-1 - Starting...
2025-05-14T18:13:29.383+03:00  INFO 41342 --- [Multi-currency-Banking] [           main] com.zaxxer.hikari.pool.HikariPool        : HikariPool-1 - Added connection org.postgresql.jdbc.PgConnection@13b5598b
2025-05-14T18:13:29.383+03:00  INFO 41342 --- [Multi-currency-Banking] [           main] com.zaxxer.hikari.HikariDataSource       : HikariPool-1 - Start completed.
2025-05-14T18:13:29.402+03:00  INFO 41342 --- [Multi-currency-Banking] [           main] o.hibernate.jpa.internal.util.LogHelper  : HHH000204: Processing PersistenceUnitInfo [name: default]
2025-05-14T18:13:29.426+03:00  INFO 41342 --- [Multi-currency-Banking] [           main] org.hibernate.Version                    : HHH000412: Hibernate ORM core version 6.6.11.Final
2025-05-14T18:13:29.439+03:00  INFO 41342 --- [Multi-currency-Banking] [           main] o.h.c.internal.RegionFactoryInitiator    : HHH000026: Second-level cache disabled
2025-05-14T18:13:29.552+03:00  INFO 41342 --- [Multi-currency-Banking] [           main] o.s.o.j.p.SpringPersistenceUnitInfo      : No LoadTimeWeaver setup: ignoring JPA class transformer
2025-05-14T18:13:29.588+03:00  INFO 41342 --- [Multi-currency-Banking] [           main] org.hibernate.orm.connections.pooling    : HHH10001005: Database info:
	Database JDBC URL [Connecting through datasource 'HikariDataSource (HikariPool-1)']
	Database driver: undefined/unknown
	Database version: 17.4
	Autocommit mode: undefined/unknown
	Isolation level: undefined/unknown
	Minimum pool size: undefined/unknown
	Maximum pool size: undefined/unknown
2025-05-14T18:13:30.006+03:00  INFO 41342 --- [Multi-currency-Banking] [           main] o.h.e.t.j.p.i.JtaPlatformInitiator       : HHH000489: No JTA platform available (set 'hibernate.transaction.jta.platform' to enable JTA platform integration)
2025-05-14T18:13:30.007+03:00  INFO 41342 --- [Multi-currency-Banking] [           main] j.LocalContainerEntityManagerFactoryBean : Initialized JPA EntityManagerFactory for persistence unit 'default'
2025-05-14T18:13:30.342+03:00  INFO 41342 --- [Multi-currency-Banking] [           main] eAuthenticationProviderManagerConfigurer : Global AuthenticationManager configured with AuthenticationProvider bean with name authenticationProvider
2025-05-14T18:13:30.343+03:00  WARN 41342 --- [Multi-currency-Banking] [           main] r$InitializeUserDetailsManagerConfigurer : Global AuthenticationManager configured with an AuthenticationProvider bean. UserDetailsService beans will not be used by Spring Security for automatically configuring username/password login. Consider removing the AuthenticationProvider bean. Alternatively, consider using the UserDetailsService in a manually instantiated DaoAuthenticationProvider. If the current configuration is intentional, to turn off this warning, increase the logging level of 'org.springframework.security.config.annotation.authentication.configuration.InitializeUserDetailsBeanManagerConfigurer' to ERROR
2025-05-14T18:13:30.568+03:00  WARN 41342 --- [Multi-currency-Banking] [           main] JpaBaseConfiguration$JpaWebConfiguration : spring.jpa.open-in-view is enabled by default. Therefore, database queries may be performed during view rendering. Explicitly configure spring.jpa.open-in-view to disable this warning
2025-05-14T18:13:30.775+03:00  INFO 41342 --- [Multi-currency-Banking] [           main] o.s.b.a.e.web.EndpointLinksResolver      : Exposing 1 endpoint beneath base path '/actuator'
2025-05-14T18:13:31.054+03:00  INFO 41342 --- [Multi-currency-Banking] [           main] o.s.b.w.embedded.tomcat.TomcatWebServer  : Tomcat started on port 9000 (http) with context path '/'
2025-05-14T18:13:31.063+03:00  INFO 41342 --- [Multi-currency-Banking] [           main] c.b.MultiCurrencyBankingApplicationKt    : Started MultiCurrencyBankingApplicationKt in 2.918 seconds (process running for 5.507)
2025-05-14T18:14:18.098+03:00  INFO 41342 --- [Multi-currency-Banking] [nio-9000-exec-1] o.a.c.c.C.[Tomcat].[localhost].[/]       : Initializing Spring DispatcherServlet 'dispatcherServlet'
2025-05-14T18:14:18.099+03:00  INFO 41342 --- [Multi-currency-Banking] [nio-9000-exec-1] o.s.web.servlet.DispatcherServlet        : Initializing Servlet 'dispatcherServlet'
2025-05-14T18:14:18.107+03:00  INFO 41342 --- [Multi-currency-Banking] [nio-9000-exec-1] o.s.web.servlet.DispatcherServlet        : Completed initialization in 8 ms
2025-05-14T18:18:00.290+03:00  INFO 41342 --- [Multi-currency-Banking] [.IO.thread-in-0] c.h.i.server.tcp.TcpServerConnection     : [192.168.2.230]:5701 [dev] [5.5.0] Initialized new cluster connection between /192.168.2.230:5701 and /192.168.2.230:52962
2025-05-14T18:18:00.346+03:00  INFO 41342 --- [Multi-currency-Banking] [ration.thread-0] c.h.internal.cluster.ClusterService      : [192.168.2.230]:5701 [dev] [5.5.0] 

Members {size:2, ver:2} [
	Member [192.168.2.230]:5701 - a1e7e9f1-1255-4ad9-a5b6-fc8685d1227b this
	Member [192.168.2.230]:5702 - 4a257d62-3bc8-467e-a53d-78853062d8dd
]

[INFO] ------------------------------------------------------------------------
[INFO] BUILD FAILURE
[INFO] ------------------------------------------------------------------------
[INFO] Total time:  06:53 min
[INFO] Finished at: 2025-05-14T18:20:11+03:00
[INFO] ------------------------------------------------------------------------
[ERROR] Failed to execute goal org.springframework.boot:spring-boot-maven-plugin:3.4.4:run (default-cli) on project Multi-currency-Banking: Process terminated with exit code: 137 -> [Help 1]
[ERROR] 
[ERROR] To see the full stack trace of the errors, re-run Maven with the -e switch.
[ERROR] Re-run Maven using the -X switch to enable full debug logging.
[ERROR] 
[ERROR] For more information about the errors and possible solutions, please read the following articles:
[ERROR] [Help 1] http://cwiki.apache.org/confluence/display/MAVEN/MojoExecutionException
